Using pre-set license
Built from '2022.3/staging' branch; Version is '2022.3.7f1 (b16b3b16c7a0) revision 11627323'; Using compiler version '192829333'; Build Type 'Release'
<<<<<<< HEAD
OS: 'Windows 11  (10.0.22621) 64bit Professional' Language: 'en' Physical Memory: 7514 MB
=======
OS: 'Windows 10  (10.0.19045) 64bit Professional' Language: 'en' Physical Memory: 8073 MB
>>>>>>> 43af125686d87a17436b74eef113e4183539bdba
BatchMode: 1, IsHumanControllingUs: 0, StartBugReporterOnCrash: 0, Is64bit: 1, IsPro: 1

COMMAND LINE ARGUMENTS:
C:\Program Files\Unity\Hub\Editor\2022.3.7f1\Editor\Unity.exe
-adb2
-batchMode
-noUpm
-name
AssetImportWorker0
-projectPath
<<<<<<< HEAD
D:/Fax/GitHub/BasketballHoopAR
-logFile
Logs/AssetImportWorker0.log
-srvPort
58575
Successfully changed project path to: D:/Fax/GitHub/BasketballHoopAR
D:/Fax/GitHub/BasketballHoopAR
=======
D:/UP Famnit/Augmented Reality/Project/BasketballHoopAR
-logFile
Logs/AssetImportWorker0.log
-srvPort
<<<<<<<< HEAD:Logs/AssetImportWorker0.log
49939
========
62184
>>>>>>>> 43af125686d87a17436b74eef113e4183539bdba:Logs/AssetImportWorker0-prev.log
Successfully changed project path to: D:/UP Famnit/Augmented Reality/Project/BasketballHoopAR
D:/UP Famnit/Augmented Reality/Project/BasketballHoopAR
>>>>>>> 43af125686d87a17436b74eef113e4183539bdba
[UnityMemory] Configuration Parameters - Can be set up in boot.config
    "memorysetup-bucket-allocator-granularity=16"
    "memorysetup-bucket-allocator-bucket-count=8"
    "memorysetup-bucket-allocator-block-size=33554432"
    "memorysetup-bucket-allocator-block-count=8"
    "memorysetup-main-allocator-block-size=16777216"
    "memorysetup-thread-allocator-block-size=16777216"
    "memorysetup-gfx-main-allocator-block-size=16777216"
    "memorysetup-gfx-thread-allocator-block-size=16777216"
    "memorysetup-cache-allocator-block-size=4194304"
    "memorysetup-typetree-allocator-block-size=2097152"
    "memorysetup-profiler-bucket-allocator-granularity=16"
    "memorysetup-profiler-bucket-allocator-bucket-count=8"
    "memorysetup-profiler-bucket-allocator-block-size=33554432"
    "memorysetup-profiler-bucket-allocator-block-count=8"
    "memorysetup-profiler-allocator-block-size=16777216"
    "memorysetup-profiler-editor-allocator-block-size=1048576"
    "memorysetup-temp-allocator-size-main=16777216"
    "memorysetup-job-temp-allocator-block-size=2097152"
    "memorysetup-job-temp-allocator-block-size-background=1048576"
    "memorysetup-job-temp-allocator-reduction-small-platforms=262144"
    "memorysetup-allocator-temp-initial-block-size-main=262144"
    "memorysetup-allocator-temp-initial-block-size-worker=262144"
    "memorysetup-temp-allocator-size-background-worker=32768"
    "memorysetup-temp-allocator-size-job-worker=262144"
    "memorysetup-temp-allocator-size-preload-manager=33554432"
    "memorysetup-temp-allocator-size-nav-mesh-worker=65536"
    "memorysetup-temp-allocator-size-audio-worker=65536"
    "memorysetup-temp-allocator-size-cloud-worker=32768"
    "memorysetup-temp-allocator-size-gi-baking-worker=262144"
    "memorysetup-temp-allocator-size-gfx=262144"
<<<<<<< HEAD
Player connection [16692] Host "[IP] 88.200.64.241 [Port] 0 [Flags] 2 [Guid] 4219088132 [EditorId] 4219088132 [Version] 1048832 [Id] WindowsEditor(7,DESKTOP-3SL9G5D) [Debug] 1 [PackageName] WindowsEditor [ProjectName] Editor" joined multi-casting on [225.0.0.222:54997]...

Player connection [16692] Host "[IP] 88.200.64.241 [Port] 0 [Flags] 2 [Guid] 4219088132 [EditorId] 4219088132 [Version] 1048832 [Id] WindowsEditor(7,DESKTOP-3SL9G5D) [Debug] 1 [PackageName] WindowsEditor [ProjectName] Editor" joined alternative multi-casting on [225.0.0.222:34997]...

Refreshing native plugins compatible for Editor in 2.89 ms, found 1 plugins.
Preloading 0 native plugins for Editor in 0.00 ms.
Initialize engine version: 2022.3.7f1 (b16b3b16c7a0)
[Subsystems] Discovering subsystems at path C:/Program Files/Unity/Hub/Editor/2022.3.7f1/Editor/Data/Resources/UnitySubsystems
[Subsystems] Discovering subsystems at path D:/Fax/GitHub/BasketballHoopAR/Assets
GfxDevice: creating device client; threaded=0; jobified=0
Direct3D:
    Version:  Direct3D 11.0 [level 11.1]
    Renderer: AMD Radeon(TM) Graphics (ID=0x164c)
    Vendor:   ATI
    VRAM:     3757 MB
    Driver:   31.0.21023.2010
=======
<<<<<<<< HEAD:Logs/AssetImportWorker0.log
Player connection [2616] Host "[IP] 192.168.196.200 [Port] 0 [Flags] 2 [Guid] 2065008604 [EditorId] 2065008604 [Version] 1048832 [Id] WindowsEditor(7,DaviDesktop) [Debug] 1 [PackageName] WindowsEditor [ProjectName] Editor" joined multi-casting on [225.0.0.222:54997]...

Player connection [2616] Host "[IP] 192.168.196.200 [Port] 0 [Flags] 2 [Guid] 2065008604 [EditorId] 2065008604 [Version] 1048832 [Id] WindowsEditor(7,DaviDesktop) [Debug] 1 [PackageName] WindowsEditor [ProjectName] Editor" joined alternative multi-casting on [225.0.0.222:34997]...

Refreshing native plugins compatible for Editor in 8.84 ms, found 1 plugins.
========
Player connection [9168] Host "[IP] 192.168.196.200 [Port] 0 [Flags] 2 [Guid] 200737576 [EditorId] 200737576 [Version] 1048832 [Id] WindowsEditor(7,DaviDesktop) [Debug] 1 [PackageName] WindowsEditor [ProjectName] Editor" joined multi-casting on [225.0.0.222:54997]...

Player connection [9168] Host "[IP] 192.168.196.200 [Port] 0 [Flags] 2 [Guid] 200737576 [EditorId] 200737576 [Version] 1048832 [Id] WindowsEditor(7,DaviDesktop) [Debug] 1 [PackageName] WindowsEditor [ProjectName] Editor" joined alternative multi-casting on [225.0.0.222:34997]...

Refreshing native plugins compatible for Editor in 7.92 ms, found 1 plugins.
>>>>>>>> 43af125686d87a17436b74eef113e4183539bdba:Logs/AssetImportWorker0-prev.log
Preloading 0 native plugins for Editor in 0.00 ms.
Initialize engine version: 2022.3.7f1 (b16b3b16c7a0)
[Subsystems] Discovering subsystems at path C:/Program Files/Unity/Hub/Editor/2022.3.7f1/Editor/Data/Resources/UnitySubsystems
[Subsystems] Discovering subsystems at path D:/UP Famnit/Augmented Reality/Project/BasketballHoopAR/Assets
GfxDevice: creating device client; threaded=0; jobified=0
Direct3D:
    Version:  Direct3D 11.0 [level 11.1]
    Renderer: AMD Radeon HD 8600/8700M (ID=0x6600)
    Vendor:   ATI
    VRAM:     2028 MB
    Driver:   27.20.1034.6
>>>>>>> 43af125686d87a17436b74eef113e4183539bdba
Initialize mono
Mono path[0] = 'C:/Program Files/Unity/Hub/Editor/2022.3.7f1/Editor/Data/Managed'
Mono path[1] = 'C:/Program Files/Unity/Hub/Editor/2022.3.7f1/Editor/Data/MonoBleedingEdge/lib/mono/unityjit-win32'
Mono config path = 'C:/Program Files/Unity/Hub/Editor/2022.3.7f1/Editor/Data/MonoBleedingEdge/etc'
<<<<<<< HEAD
Using monoOptions --debugger-agent=transport=dt_socket,embedding=1,server=y,suspend=n,address=127.0.0.1:56264
Begin MonoManager ReloadAssembly
Registering precompiled unity dll's ...
Register platform support module: C:/Program Files/Unity/Hub/Editor/2022.3.7f1/Editor/Data/PlaybackEngines/WebGLSupport/UnityEditor.WebGL.Extensions.dll
Register platform support module: C:/Program Files/Unity/Hub/Editor/2022.3.7f1/Editor/Data/PlaybackEngines/AndroidPlayer/UnityEditor.Android.Extensions.dll
Register platform support module: C:/Program Files/Unity/Hub/Editor/2022.3.7f1/Editor/Data/PlaybackEngines/WindowsStandaloneSupport/UnityEditor.WindowsStandalone.Extensions.dll
Register platform support module: C:/Program Files/Unity/Hub/Editor/2022.3.7f1/Editor/Data/PlaybackEngines/MetroSupport/UnityEditor.UWP.Extensions.dll
Registered in 0.055503 seconds.
- Loaded All Assemblies, in  0.597 seconds
Native extension for UWP target not found
Native extension for WindowsStandalone target not found
Native extension for Android target not found
Android Extension - Scanning For ADB Devices 462 ms
Native extension for WebGL target not found
Mono: successfully reloaded assembly
- Finished resetting the current domain, in  1.024 seconds
Domain Reload Profiling: 1620ms
	BeginReloadAssembly (205ms)
=======
<<<<<<<< HEAD:Logs/AssetImportWorker0.log
Using monoOptions --debugger-agent=transport=dt_socket,embedding=1,server=y,suspend=n,address=127.0.0.1:56804
Begin MonoManager ReloadAssembly
Registering precompiled unity dll's ...
Register platform support module: C:/Program Files/Unity/Hub/Editor/2022.3.7f1/Editor/Data/PlaybackEngines/WindowsStandaloneSupport/UnityEditor.WindowsStandalone.Extensions.dll
Registered in 0.037249 seconds.
- Loaded All Assemblies, in  1.946 seconds
Native extension for WindowsStandalone target not found
Mono: successfully reloaded assembly
- Finished resetting the current domain, in  1.171 seconds
Domain Reload Profiling: 3110ms
	BeginReloadAssembly (732ms)
========
Using monoOptions --debugger-agent=transport=dt_socket,embedding=1,server=y,suspend=n,address=127.0.0.1:56400
Begin MonoManager ReloadAssembly
Registering precompiled unity dll's ...
Register platform support module: C:/Program Files/Unity/Hub/Editor/2022.3.7f1/Editor/Data/PlaybackEngines/WindowsStandaloneSupport/UnityEditor.WindowsStandalone.Extensions.dll
Registered in 0.023138 seconds.
- Loaded All Assemblies, in  2.811 seconds
Native extension for WindowsStandalone target not found
Mono: successfully reloaded assembly
- Finished resetting the current domain, in  1.164 seconds
Domain Reload Profiling: 3970ms
	BeginReloadAssembly (1520ms)
>>>>>>>> 43af125686d87a17436b74eef113e4183539bdba:Logs/AssetImportWorker0-prev.log
>>>>>>> 43af125686d87a17436b74eef113e4183539bdba
		ExecutionOrderSort (0ms)
		DisableScriptedObjects (0ms)
		BackupInstance (0ms)
		ReleaseScriptingObjects (0ms)
<<<<<<< HEAD
		CreateAndSetChildDomain (1ms)
	RebuildCommonClasses (49ms)
	RebuildNativeTypeToScriptingClass (14ms)
	initialDomainReloadingComplete (123ms)
	LoadAllAssembliesAndSetupDomain (204ms)
		LoadAssemblies (204ms)
		RebuildTransferFunctionScriptingTraits (0ms)
		AnalyzeDomain (200ms)
			TypeCache.Refresh (198ms)
				TypeCache.ScanAssembly (181ms)
			ScanForSourceGeneratedMonoScriptInfo (1ms)
			ResolveRequiredComponents (1ms)
	FinalizeReload (1025ms)
		ReleaseScriptCaches (0ms)
		RebuildScriptCaches (0ms)
		SetupLoadedEditorAssemblies (939ms)
			LogAssemblyErrors (0ms)
			InitializePlatformSupportModulesInManaged (701ms)
			SetLoadedEditorAssemblies (5ms)
			RefreshPlugins (0ms)
			BeforeProcessingInitializeOnLoad (3ms)
			ProcessInitializeOnLoadAttributes (138ms)
			ProcessInitializeOnLoadMethodAttributes (92ms)
=======
<<<<<<<< HEAD:Logs/AssetImportWorker0.log
		CreateAndSetChildDomain (16ms)
	RebuildCommonClasses (192ms)
	RebuildNativeTypeToScriptingClass (57ms)
	initialDomainReloadingComplete (266ms)
	LoadAllAssembliesAndSetupDomain (689ms)
		LoadAssemblies (688ms)
		RebuildTransferFunctionScriptingTraits (0ms)
		AnalyzeDomain (682ms)
			TypeCache.Refresh (679ms)
				TypeCache.ScanAssembly (641ms)
			ScanForSourceGeneratedMonoScriptInfo (1ms)
			ResolveRequiredComponents (1ms)
	FinalizeReload (1173ms)
		ReleaseScriptCaches (0ms)
		RebuildScriptCaches (0ms)
		SetupLoadedEditorAssemblies (806ms)
			LogAssemblyErrors (0ms)
			InitializePlatformSupportModulesInManaged (33ms)
			SetLoadedEditorAssemblies (25ms)
			RefreshPlugins (0ms)
			BeforeProcessingInitializeOnLoad (11ms)
			ProcessInitializeOnLoadAttributes (541ms)
			ProcessInitializeOnLoadMethodAttributes (196ms)
========
		CreateAndSetChildDomain (3ms)
	RebuildCommonClasses (227ms)
	RebuildNativeTypeToScriptingClass (56ms)
	initialDomainReloadingComplete (191ms)
	LoadAllAssembliesAndSetupDomain (811ms)
		LoadAssemblies (1511ms)
		RebuildTransferFunctionScriptingTraits (0ms)
		AnalyzeDomain (805ms)
			TypeCache.Refresh (777ms)
				TypeCache.ScanAssembly (716ms)
			ScanForSourceGeneratedMonoScriptInfo (25ms)
			ResolveRequiredComponents (1ms)
	FinalizeReload (1165ms)
		ReleaseScriptCaches (0ms)
		RebuildScriptCaches (0ms)
		SetupLoadedEditorAssemblies (1020ms)
			LogAssemblyErrors (0ms)
			InitializePlatformSupportModulesInManaged (16ms)
			SetLoadedEditorAssemblies (13ms)
			RefreshPlugins (0ms)
			BeforeProcessingInitializeOnLoad (4ms)
			ProcessInitializeOnLoadAttributes (871ms)
			ProcessInitializeOnLoadMethodAttributes (115ms)
>>>>>>>> 43af125686d87a17436b74eef113e4183539bdba:Logs/AssetImportWorker0-prev.log
>>>>>>> 43af125686d87a17436b74eef113e4183539bdba
			AfterProcessingInitializeOnLoad (0ms)
			EditorAssembliesLoaded (0ms)
		ExecutionOrderSort2 (0ms)
		AwakeInstancesAfterBackupRestoration (0ms)
========================================================================
Worker process is ready to serve import requests
Begin MonoManager ReloadAssembly
<<<<<<< HEAD
- Loaded All Assemblies, in  0.400 seconds
Refreshing native plugins compatible for Editor in 1.03 ms, found 1 plugins.
Native extension for UWP target not found
Native extension for WindowsStandalone target not found
Native extension for Android target not found
Native extension for WebGL target not found
=======
<<<<<<<< HEAD:Logs/AssetImportWorker0.log
- Loaded All Assemblies, in  1.259 seconds
Refreshing native plugins compatible for Editor in 1.49 ms, found 1 plugins.
========
- Loaded All Assemblies, in  0.777 seconds
Refreshing native plugins compatible for Editor in 1.96 ms, found 1 plugins.
>>>>>>>> 43af125686d87a17436b74eef113e4183539bdba:Logs/AssetImportWorker0-prev.log
Native extension for WindowsStandalone target not found
>>>>>>> 43af125686d87a17436b74eef113e4183539bdba
Package Manager log level set to [2]
[Package Manager] Server::EnsureServerProcessIsRunning -- launch failed, reason: Unity was launched with the -noUpm command-line argument
[Package Manager] UpmClient::Send -- Unable to send message (not connected to UPM process).
[Package Manager] Cannot connect to Unity Package Manager local server
Mono: successfully reloaded assembly
[Package Manager] Server::EnsureServerProcessIsRunning -- launch failed, reason: Unity was launched with the -noUpm command-line argument
[Package Manager] UpmClient::Send -- Unable to send message (not connected to UPM process).
[Package Manager] Cannot connect to Unity Package Manager local server
[Package Manager] Server::EnsureServerProcessIsRunning -- launch failed, reason: Unity was launched with the -noUpm command-line argument
[Package Manager] UpmClient::Send -- Unable to send message (not connected to UPM process).
[Package Manager] Cannot connect to Unity Package Manager local server
<<<<<<< HEAD
- Finished resetting the current domain, in  0.554 seconds
Domain Reload Profiling: 914ms
	BeginReloadAssembly (175ms)
		ExecutionOrderSort (0ms)
		DisableScriptedObjects (6ms)
		BackupInstance (0ms)
		ReleaseScriptingObjects (0ms)
		CreateAndSetChildDomain (28ms)
	RebuildCommonClasses (51ms)
	RebuildNativeTypeToScriptingClass (17ms)
	initialDomainReloadingComplete (27ms)
	LoadAllAssembliesAndSetupDomain (90ms)
		LoadAssemblies (136ms)
		RebuildTransferFunctionScriptingTraits (0ms)
		AnalyzeDomain (59ms)
			TypeCache.Refresh (44ms)
				TypeCache.ScanAssembly (34ms)
			ScanForSourceGeneratedMonoScriptInfo (9ms)
			ResolveRequiredComponents (4ms)
	FinalizeReload (555ms)
		ReleaseScriptCaches (0ms)
		RebuildScriptCaches (0ms)
		SetupLoadedEditorAssemblies (371ms)
			LogAssemblyErrors (0ms)
			InitializePlatformSupportModulesInManaged (35ms)
			SetLoadedEditorAssemblies (6ms)
			RefreshPlugins (0ms)
			BeforeProcessingInitializeOnLoad (53ms)
			ProcessInitializeOnLoadAttributes (244ms)
			ProcessInitializeOnLoadMethodAttributes (26ms)
			AfterProcessingInitializeOnLoad (6ms)
			EditorAssembliesLoaded (0ms)
		ExecutionOrderSort2 (0ms)
		AwakeInstancesAfterBackupRestoration (6ms)
Launched and connected shader compiler UnityShaderCompiler.exe after 0.07 seconds
Refreshing native plugins compatible for Editor in 0.69 ms, found 1 plugins.
Preloading 0 native plugins for Editor in 0.00 ms.
Unloading 1314 Unused Serialized files (Serialized files now loaded: 0)
Unloading 25 unused Assets / (1.2 MB). Loaded Objects now: 1782.
Memory consumption went from 82.9 MB to 81.7 MB.
Total: 4.090500 ms (FindLiveObjects: 0.202300 ms CreateObjectMapping: 0.062000 ms MarkObjects: 2.976900 ms  DeleteObjects: 0.846900 ms)
=======
<<<<<<<< HEAD:Logs/AssetImportWorker0.log
- Finished resetting the current domain, in  2.387 seconds
Domain Reload Profiling: 3644ms
	BeginReloadAssembly (527ms)
		ExecutionOrderSort (0ms)
		DisableScriptedObjects (20ms)
		BackupInstance (0ms)
		ReleaseScriptingObjects (0ms)
		CreateAndSetChildDomain (68ms)
	RebuildCommonClasses (167ms)
	RebuildNativeTypeToScriptingClass (61ms)
	initialDomainReloadingComplete (125ms)
	LoadAllAssembliesAndSetupDomain (377ms)
		LoadAssemblies (367ms)
		RebuildTransferFunctionScriptingTraits (0ms)
		AnalyzeDomain (313ms)
			TypeCache.Refresh (167ms)
				TypeCache.ScanAssembly (131ms)
			ScanForSourceGeneratedMonoScriptInfo (85ms)
			ResolveRequiredComponents (53ms)
	FinalizeReload (2388ms)
		ReleaseScriptCaches (0ms)
		RebuildScriptCaches (0ms)
		SetupLoadedEditorAssemblies (1560ms)
			LogAssemblyErrors (0ms)
			InitializePlatformSupportModulesInManaged (75ms)
			SetLoadedEditorAssemblies (27ms)
			RefreshPlugins (0ms)
			BeforeProcessingInitializeOnLoad (330ms)
			ProcessInitializeOnLoadAttributes (1028ms)
			ProcessInitializeOnLoadMethodAttributes (81ms)
			AfterProcessingInitializeOnLoad (18ms)
			EditorAssembliesLoaded (0ms)
		ExecutionOrderSort2 (0ms)
		AwakeInstancesAfterBackupRestoration (26ms)
Launched and connected shader compiler UnityShaderCompiler.exe after 0.54 seconds
Refreshing native plugins compatible for Editor in 0.78 ms, found 1 plugins.
Preloading 0 native plugins for Editor in 0.00 ms.
Unloading 1314 Unused Serialized files (Serialized files now loaded: 0)
Unloading 25 unused Assets / (1.2 MB). Loaded Objects now: 1780.
Memory consumption went from 77.9 MB to 76.7 MB.
Total: 4.638900 ms (FindLiveObjects: 0.172500 ms CreateObjectMapping: 0.131300 ms MarkObjects: 3.595400 ms  DeleteObjects: 0.738500 ms)
========
- Finished resetting the current domain, in  1.087 seconds
Domain Reload Profiling: 1864ms
	BeginReloadAssembly (268ms)
		ExecutionOrderSort (0ms)
		DisableScriptedObjects (9ms)
		BackupInstance (0ms)
		ReleaseScriptingObjects (0ms)
		CreateAndSetChildDomain (37ms)
	RebuildCommonClasses (300ms)
	RebuildNativeTypeToScriptingClass (39ms)
	initialDomainReloadingComplete (49ms)
	LoadAllAssembliesAndSetupDomain (120ms)
		LoadAssemblies (187ms)
		RebuildTransferFunctionScriptingTraits (0ms)
		AnalyzeDomain (96ms)
			TypeCache.Refresh (67ms)
				TypeCache.ScanAssembly (48ms)
			ScanForSourceGeneratedMonoScriptInfo (20ms)
			ResolveRequiredComponents (7ms)
	FinalizeReload (1088ms)
		ReleaseScriptCaches (0ms)
		RebuildScriptCaches (0ms)
		SetupLoadedEditorAssemblies (674ms)
			LogAssemblyErrors (0ms)
			InitializePlatformSupportModulesInManaged (12ms)
			SetLoadedEditorAssemblies (9ms)
			RefreshPlugins (0ms)
			BeforeProcessingInitializeOnLoad (100ms)
			ProcessInitializeOnLoadAttributes (418ms)
			ProcessInitializeOnLoadMethodAttributes (118ms)
			AfterProcessingInitializeOnLoad (14ms)
			EditorAssembliesLoaded (2ms)
		ExecutionOrderSort2 (0ms)
		AwakeInstancesAfterBackupRestoration (15ms)
Launched and connected shader compiler UnityShaderCompiler.exe after 0.46 seconds
Refreshing native plugins compatible for Editor in 1.08 ms, found 1 plugins.
Preloading 0 native plugins for Editor in 0.00 ms.
Unloading 1315 Unused Serialized files (Serialized files now loaded: 0)
Unloading 25 unused Assets / (1.1 MB). Loaded Objects now: 1783.
Memory consumption went from 77.6 MB to 76.5 MB.
Total: 8.670400 ms (FindLiveObjects: 0.193600 ms CreateObjectMapping: 0.147600 ms MarkObjects: 7.466300 ms  DeleteObjects: 0.860400 ms)
>>>>>>>> 43af125686d87a17436b74eef113e4183539bdba:Logs/AssetImportWorker0-prev.log
>>>>>>> 43af125686d87a17436b74eef113e4183539bdba

AssetImportParameters requested are different than current active one (requested -> active):
  custom:video-encoder-webm-vp8: eb34c28f22e8b96e1ab97ce403110664 -> 
  custom:video-decoder-webm-vp8: 9c59270c3fd7afecdb556c50c9e8de78 -> 
  custom:audio-decoder-ogg-vorbis: bf7c407c2cedff20999df2af8eb42d56 -> 
<<<<<<< HEAD
  custom:SearchIndexIgnoredProperties: e643bd26f0fe6173181afceb89e7c659 -> 
  custom:container-demuxer-ogg: 62fdf1f143b41e24485cea50d1cbac27 -> 
  custom:AudioImporter_EditorPlatform: d09bf68614088b80899f8185d706f6e7 -> 
  custom:CustomObjectIndexerAttribute: 756ad292c208cfabdd7b50bc23989ffe -> 
=======
  custom:container-demuxer-ogg: 62fdf1f143b41e24485cea50d1cbac27 -> 
  custom:AudioImporter_EditorPlatform: d09bf68614088b80899f8185d706f6e7 -> 
>>>>>>> 43af125686d87a17436b74eef113e4183539bdba
  custom:container-demuxer-webm: 4f35f7cbe854078d1ac9338744f61a02 -> 
  custom:video-decoder-ogg-theora: a1e56fd34408186e4bbccfd4996cb3dc -> 
  custom:audio-encoder-webm-vorbis: bf7c407c2cedff20999df2af8eb42d56 -> 
  custom:framework-win-MediaFoundation: 216162199b28c13a410421893ffa2e32 -> 
  custom:container-muxer-webm: aa71ff27fc2769a1b78a27578f13a17b -> 
========================================================================
<<<<<<< HEAD
Received Import Request.
  Time since last request: 29804.734889 seconds.
  path: Assets/ARFreeThrow/BallControl.cs
  artifactKey: Guid(90a71530c8a2f914084f3d2d80ff74f9) Importer(815301076,1909f56bfc062723c751e8b465ee728b)
Start importing Assets/ARFreeThrow/BallControl.cs using Guid(90a71530c8a2f914084f3d2d80ff74f9) Importer(815301076,1909f56bfc062723c751e8b465ee728b)  -> (artifact id: 'dc4239bdef45a8a827c4459174fdb4e3') in 0.004207 seconds
=======
<<<<<<<< HEAD:Logs/AssetImportWorker0.log
Received Prepare
Refreshing native plugins compatible for Editor in 1.72 ms, found 1 plugins.
Preloading 0 native plugins for Editor in 0.00 ms.
Unloading 7 Unused Serialized files (Serialized files now loaded: 0)
Unloading 7 unused Assets / (1.1 MB). Loaded Objects now: 1780.
Memory consumption went from 55.8 MB to 54.7 MB.
Total: 8.780000 ms (FindLiveObjects: 0.570400 ms CreateObjectMapping: 0.150000 ms MarkObjects: 6.827200 ms  DeleteObjects: 1.230300 ms)
========
Received Import Request.
  Time since last request: 262114.851137 seconds.
  path: Assets/ARFreeThrow/PlaceHoop.cs
  artifactKey: Guid(865bf9d221fe55142a44d57cf58701c6) Importer(815301076,1909f56bfc062723c751e8b465ee728b)
Start importing Assets/ARFreeThrow/PlaceHoop.cs using Guid(865bf9d221fe55142a44d57cf58701c6) Importer(815301076,1909f56bfc062723c751e8b465ee728b)  -> (artifact id: 'e2056097fa094ed088a8ece946ddf838') in 0.011939 seconds
>>>>>>> 43af125686d87a17436b74eef113e4183539bdba
Number of updated asset objects reloaded before import = 0
Number of asset objects unloaded after import = 0
========================================================================
Received Import Request.
<<<<<<< HEAD
  Time since last request: 4.986228 seconds.
  path: Assets/ARFreeThrow/PlaceHoop.cs
  artifactKey: Guid(865bf9d221fe55142a44d57cf58701c6) Importer(815301076,1909f56bfc062723c751e8b465ee728b)
Start importing Assets/ARFreeThrow/PlaceHoop.cs using Guid(865bf9d221fe55142a44d57cf58701c6) Importer(815301076,1909f56bfc062723c751e8b465ee728b)  -> (artifact id: 'aad3d607b3a338e38489a0d1efdc6af9') in 0.000905 seconds
=======
  Time since last request: 10.183073 seconds.
  path: Assets/ARFreeThrow/PlaceHoop.cs
  artifactKey: Guid(865bf9d221fe55142a44d57cf58701c6) Importer(815301076,1909f56bfc062723c751e8b465ee728b)
Start importing Assets/ARFreeThrow/PlaceHoop.cs using Guid(865bf9d221fe55142a44d57cf58701c6) Importer(815301076,1909f56bfc062723c751e8b465ee728b)  -> (artifact id: 'e8ff22f582aee1206b3c28be431729a6') in 0.001018 seconds
>>>>>>> 43af125686d87a17436b74eef113e4183539bdba
Number of updated asset objects reloaded before import = 0
Number of asset objects unloaded after import = 0
========================================================================
Received Import Request.
<<<<<<< HEAD
  Time since last request: 67.110796 seconds.
  path: Assets/ARFreeThrow/PlaceHoop.cs
  artifactKey: Guid(865bf9d221fe55142a44d57cf58701c6) Importer(815301076,1909f56bfc062723c751e8b465ee728b)
Start importing Assets/ARFreeThrow/PlaceHoop.cs using Guid(865bf9d221fe55142a44d57cf58701c6) Importer(815301076,1909f56bfc062723c751e8b465ee728b)  -> (artifact id: '17bbd47f855626d3efc10320cd62876a') in 0.001008 seconds
=======
  Time since last request: 36.168556 seconds.
  path: Assets/ARFreeThrow/PlaceHoop.cs
  artifactKey: Guid(865bf9d221fe55142a44d57cf58701c6) Importer(815301076,1909f56bfc062723c751e8b465ee728b)
Start importing Assets/ARFreeThrow/PlaceHoop.cs using Guid(865bf9d221fe55142a44d57cf58701c6) Importer(815301076,1909f56bfc062723c751e8b465ee728b)  -> (artifact id: '9e1810508664059b2df6c4b153158374') in 0.001280 seconds
Number of updated asset objects reloaded before import = 0
Number of asset objects unloaded after import = 0
========================================================================
Received Import Request.
  Time since last request: 19.030950 seconds.
  path: Assets/ARFreeThrow/PlaceHoop.cs
  artifactKey: Guid(865bf9d221fe55142a44d57cf58701c6) Importer(815301076,1909f56bfc062723c751e8b465ee728b)
Start importing Assets/ARFreeThrow/PlaceHoop.cs using Guid(865bf9d221fe55142a44d57cf58701c6) Importer(815301076,1909f56bfc062723c751e8b465ee728b)  -> (artifact id: '143b4b53024491cd26835f8dfe8f1347') in 0.003298 seconds
>>>>>>> 43af125686d87a17436b74eef113e4183539bdba
Number of updated asset objects reloaded before import = 0
Number of asset objects unloaded after import = 0
========================================================================
Received Prepare
Begin MonoManager ReloadAssembly
<<<<<<< HEAD
- Loaded All Assemblies, in  0.315 seconds
Refreshing native plugins compatible for Editor in 0.66 ms, found 1 plugins.
Native extension for UWP target not found
Native extension for WindowsStandalone target not found
Native extension for Android target not found
Native extension for WebGL target not found
=======
- Loaded All Assemblies, in  0.490 seconds
Refreshing native plugins compatible for Editor in 0.96 ms, found 1 plugins.
Native extension for WindowsStandalone target not found
>>>>>>> 43af125686d87a17436b74eef113e4183539bdba
[Package Manager] Server::EnsureServerProcessIsRunning -- launch failed, reason: Unity was launched with the -noUpm command-line argument
[Package Manager] UpmClient::Send -- Unable to send message (not connected to UPM process).
[Package Manager] Cannot connect to Unity Package Manager local server
Mono: successfully reloaded assembly
[Package Manager] Server::EnsureServerProcessIsRunning -- launch failed, reason: Unity was launched with the -noUpm command-line argument
[Package Manager] UpmClient::Send -- Unable to send message (not connected to UPM process).
[Package Manager] Cannot connect to Unity Package Manager local server
<<<<<<< HEAD
- Finished resetting the current domain, in  0.723 seconds
Domain Reload Profiling: 1035ms
	BeginReloadAssembly (180ms)
=======
- Finished resetting the current domain, in  0.958 seconds
Domain Reload Profiling: 1444ms
	BeginReloadAssembly (274ms)
>>>>>>> 43af125686d87a17436b74eef113e4183539bdba
		ExecutionOrderSort (0ms)
		DisableScriptedObjects (9ms)
		BackupInstance (0ms)
		ReleaseScriptingObjects (0ms)
<<<<<<< HEAD
		CreateAndSetChildDomain (28ms)
	RebuildCommonClasses (50ms)
	RebuildNativeTypeToScriptingClass (13ms)
	initialDomainReloadingComplete (27ms)
	LoadAllAssembliesAndSetupDomain (42ms)
		LoadAssemblies (123ms)
		RebuildTransferFunctionScriptingTraits (0ms)
		AnalyzeDomain (28ms)
			TypeCache.Refresh (9ms)
				TypeCache.ScanAssembly (1ms)
			ScanForSourceGeneratedMonoScriptInfo (12ms)
			ResolveRequiredComponents (6ms)
	FinalizeReload (724ms)
		ReleaseScriptCaches (0ms)
		RebuildScriptCaches (0ms)
		SetupLoadedEditorAssemblies (390ms)
			LogAssemblyErrors (0ms)
			InitializePlatformSupportModulesInManaged (30ms)
			SetLoadedEditorAssemblies (6ms)
			RefreshPlugins (0ms)
			BeforeProcessingInitializeOnLoad (64ms)
			ProcessInitializeOnLoadAttributes (246ms)
			ProcessInitializeOnLoadMethodAttributes (33ms)
			AfterProcessingInitializeOnLoad (10ms)
			EditorAssembliesLoaded (0ms)
		ExecutionOrderSort2 (0ms)
		AwakeInstancesAfterBackupRestoration (10ms)
Refreshing native plugins compatible for Editor in 0.92 ms, found 1 plugins.
Preloading 0 native plugins for Editor in 0.00 ms.
Unloading 1302 Unused Serialized files (Serialized files now loaded: 0)
Unloading 12 unused Assets / (1.1 MB). Loaded Objects now: 1784.
Memory consumption went from 80.1 MB to 78.9 MB.
Total: 4.447800 ms (FindLiveObjects: 0.185500 ms CreateObjectMapping: 0.042800 ms MarkObjects: 3.515700 ms  DeleteObjects: 0.701700 ms)
=======
		CreateAndSetChildDomain (38ms)
	RebuildCommonClasses (75ms)
	RebuildNativeTypeToScriptingClass (32ms)
	initialDomainReloadingComplete (73ms)
	LoadAllAssembliesAndSetupDomain (31ms)
		LoadAssemblies (194ms)
		RebuildTransferFunctionScriptingTraits (0ms)
		AnalyzeDomain (15ms)
			TypeCache.Refresh (5ms)
				TypeCache.ScanAssembly (0ms)
			ScanForSourceGeneratedMonoScriptInfo (0ms)
			ResolveRequiredComponents (9ms)
	FinalizeReload (959ms)
		ReleaseScriptCaches (0ms)
		RebuildScriptCaches (0ms)
		SetupLoadedEditorAssemblies (611ms)
			LogAssemblyErrors (0ms)
			InitializePlatformSupportModulesInManaged (13ms)
			SetLoadedEditorAssemblies (11ms)
			RefreshPlugins (0ms)
			BeforeProcessingInitializeOnLoad (107ms)
			ProcessInitializeOnLoadAttributes (398ms)
			ProcessInitializeOnLoadMethodAttributes (58ms)
			AfterProcessingInitializeOnLoad (23ms)
			EditorAssembliesLoaded (0ms)
		ExecutionOrderSort2 (0ms)
		AwakeInstancesAfterBackupRestoration (21ms)
Refreshing native plugins compatible for Editor in 0.82 ms, found 1 plugins.
Preloading 0 native plugins for Editor in 0.00 ms.
Unloading 1302 Unused Serialized files (Serialized files now loaded: 0)
Unloading 12 unused Assets / (1.0 MB). Loaded Objects now: 1784.
Memory consumption went from 75.5 MB to 74.5 MB.
Total: 6.570400 ms (FindLiveObjects: 0.186900 ms CreateObjectMapping: 0.180000 ms MarkObjects: 5.152000 ms  DeleteObjects: 1.049900 ms)
>>>>>>>> 43af125686d87a17436b74eef113e4183539bdba:Logs/AssetImportWorker0-prev.log
>>>>>>> 43af125686d87a17436b74eef113e4183539bdba

Prepare: number of updated asset objects reloaded= 0
AssetImportParameters requested are different than current active one (requested -> active):
  custom:video-encoder-webm-vp8: eb34c28f22e8b96e1ab97ce403110664 -> 
  custom:video-decoder-webm-vp8: 9c59270c3fd7afecdb556c50c9e8de78 -> 
  custom:audio-decoder-ogg-vorbis: bf7c407c2cedff20999df2af8eb42d56 -> 
  custom:SearchIndexIgnoredProperties: e643bd26f0fe6173181afceb89e7c659 -> 
  custom:container-demuxer-ogg: 62fdf1f143b41e24485cea50d1cbac27 -> 
  custom:AudioImporter_EditorPlatform: d09bf68614088b80899f8185d706f6e7 -> 
  custom:CustomObjectIndexerAttribute: 756ad292c208cfabdd7b50bc23989ffe -> 
  custom:container-demuxer-webm: 4f35f7cbe854078d1ac9338744f61a02 -> 
  custom:video-decoder-ogg-theora: a1e56fd34408186e4bbccfd4996cb3dc -> 
  custom:audio-encoder-webm-vorbis: bf7c407c2cedff20999df2af8eb42d56 -> 
  custom:framework-win-MediaFoundation: 216162199b28c13a410421893ffa2e32 -> 
  custom:container-muxer-webm: aa71ff27fc2769a1b78a27578f13a17b -> 
<<<<<<< HEAD
========================================================================
Received Import Request.
  Time since last request: 341.481688 seconds.
  path: Assets/ARFreeThrow/BallControl.cs
  artifactKey: Guid(90a71530c8a2f914084f3d2d80ff74f9) Importer(815301076,1909f56bfc062723c751e8b465ee728b)
Start importing Assets/ARFreeThrow/BallControl.cs using Guid(90a71530c8a2f914084f3d2d80ff74f9) Importer(815301076,1909f56bfc062723c751e8b465ee728b)  -> (artifact id: '9b3fa3f0bb330ccfcf56bf812dde5fa2') in 0.003418 seconds
Number of updated asset objects reloaded before import = 0
Number of asset objects unloaded after import = 0
=======
>>>>>>> 43af125686d87a17436b74eef113e4183539bdba
